<?xml version="1.0" encoding="UTF-8"?>
<!-- Generated by org.testng.reporters.JUnitReportReporter -->
<testsuite hostname="DESKTOP-A9BN1NT" name="Tests.Test1" tests="2" failures="0" timestamp="6 Nov 2019 04:51:29 GMT" time="16.146" errors="0">
  <testcase name="generateFly" time="15.740" classname="Tests.Test1"/>
  <testcase name="sortByHigher" time="0.406" classname="Tests.Test1"/>
</testsuite> <!-- Tests.Test1 -->
