<?xml version="1.0" encoding="UTF-8"?>
<!-- Generated by org.testng.reporters.JUnitReportReporter -->
<testsuite hostname="DESKTOP-A9BN1NT" name="Tests.Test1" tests="2" failures="0" timestamp="6 Nov 2019 17:31:23 GMT" time="16.949" errors="0">
  <testcase name="generateFly" time="14.614" classname="Tests.Test1"/>
  <testcase name="sortByHigher" time="2.335" classname="Tests.Test1"/>
</testsuite> <!-- Tests.Test1 -->
