<?xml version="1.0" encoding="UTF-8"?>
<!-- Generated by org.testng.reporters.JUnitReportReporter -->
<testsuite hostname="DESKTOP-A9BN1NT" name="Tests.Test1" tests="2" failures="0" timestamp="6 Nov 2019 16:20:38 GMT" time="14.737" errors="0">
  <testcase name="generateFly" time="13.924" classname="Tests.Test1"/>
  <testcase name="sortByHigher" time="0.813" classname="Tests.Test1"/>
</testsuite> <!-- Tests.Test1 -->
