<?xml version="1.0" encoding="UTF-8"?>
<!-- Generated by org.testng.reporters.JUnitReportReporter -->
<testsuite hostname="DESKTOP-A9BN1NT" name="Tests.SortTests" tests="1" failures="0" timestamp="6 Nov 2019 04:34:23 GMT" time="0.009" errors="0">
  <testcase name="tests" time="0.009" classname="Tests.SortTests"/>
</testsuite> <!-- Tests.SortTests -->
